
> skt-t1@0.1.0 build
> next build

▲ Next.js 16.1.6 (Turbopack)
- Environments: .env.local

⚠ The "middleware" file convention is deprecated. Please use "proxy" instead. Learn more: https://nextjs.org/docs/messages/middleware-to-proxy
  Creating an optimized production build ...
✓ Compiled successfully in 5.6s
  Running TypeScript ...
  Collecting page data using 11 workers ...
  Generating static pages using 11 workers (0/21) ...
  Generating static pages using 11 workers (5/21) 
  Generating static pages using 11 workers (10/21) 
  Generating static pages using 11 workers (15/21) 
✓ Generating static pages using 11 workers (21/21) in 286.1ms
  Finalizing page optimization ...

Route (app)
┌ ƒ /
├ ○ /_not-found
├ ƒ /api/blocks/refactor
├ ƒ /api/calendar
├ ƒ /api/calendar/calendars
├ ƒ /api/calendar/callback
├ ƒ /api/calendar/events
├ ƒ /api/calendar/push
├ ƒ /api/calendar/sync
├ ƒ /auth/callback
├ ƒ /auth/discord
├ ƒ /auth/google
├ ƒ /auth/login
├ ƒ /blocks
├ ƒ /blocks/[id]
├ ƒ /login
├ ƒ /now
├ ƒ /save
├ ƒ /settings
└ ƒ /stats


ƒ Proxy (Middleware)

○  (Static)   prerendered as static content
ƒ  (Dynamic)  server-rendered on demand

